<?xml version="1.0" encoding="UTF-8"?>
<testsuite xmlns:xsi="http://www.w3.org/2001/XMLSchema-instance" xsi:noNamespaceSchemaLocation="https://maven.apache.org/surefire/maven-surefire-plugin/xsd/surefire-test-report.xsd" name="demo.UserTest" time="3.811" tests="1" errors="0" skipped="0" failures="0">
  <properties>
    <property name="sun.desktop" value="windows"/>
    <property name="awt.toolkit" value="sun.awt.windows.WToolkit"/>
    <property name="file.encoding.pkg" value="sun.io"/>
    <property name="java.specification.version" value="1.8"/>
    <property name="sun.cpu.isalist" value="amd64"/>
    <property name="sun.jnu.encoding" value="GBK"/>
    <property name="java.class.path" value="E:\mypro\demo\target\test-classes;E:\mypro\demo\target\classes;D:\Apache\apache-maven-3.5.3-repository\junit\junit\4.12\junit-4.12.jar;D:\Apache\apache-maven-3.5.3-repository\org\hamcrest\hamcrest-core\1.3\hamcrest-core-1.3.jar;D:\Apache\apache-maven-3.5.3-repository\org\hibernate\hibernate-core\4.3.7.Final\hibernate-core-4.3.7.Final.jar;D:\Apache\apache-maven-3.5.3-repository\org\jboss\logging\jboss-logging\3.1.3.GA\jboss-logging-3.1.3.GA.jar;D:\Apache\apache-maven-3.5.3-repository\org\jboss\logging\jboss-logging-annotations\1.2.0.Beta1\jboss-logging-annotations-1.2.0.Beta1.jar;D:\Apache\apache-maven-3.5.3-repository\org\jboss\spec\javax\transaction\jboss-transaction-api_1.2_spec\1.0.0.Final\jboss-transaction-api_1.2_spec-1.0.0.Final.jar;D:\Apache\apache-maven-3.5.3-repository\dom4j\dom4j\1.6.1\dom4j-1.6.1.jar;D:\Apache\apache-maven-3.5.3-repository\xml-apis\xml-apis\1.0.b2\xml-apis-1.0.b2.jar;D:\Apache\apache-maven-3.5.3-repository\org\hibernate\common\hibernate-commons-annotations\4.0.5.Final\hibernate-commons-annotations-4.0.5.Final.jar;D:\Apache\apache-maven-3.5.3-repository\org\hibernate\javax\persistence\hibernate-jpa-2.1-api\1.0.0.Final\hibernate-jpa-2.1-api-1.0.0.Final.jar;D:\Apache\apache-maven-3.5.3-repository\org\javassist\javassist\3.18.1-GA\javassist-3.18.1-GA.jar;D:\Apache\apache-maven-3.5.3-repository\antlr\antlr\2.7.7\antlr-2.7.7.jar;D:\Apache\apache-maven-3.5.3-repository\org\jboss\jandex\1.1.0.Final\jandex-1.1.0.Final.jar;D:\Apache\apache-maven-3.5.3-repository\log4j\log4j\1.2.16\log4j-1.2.16.jar;D:\Apache\apache-maven-3.5.3-repository\org\slf4j\slf4j-nop\1.6.4\slf4j-nop-1.6.4.jar;D:\Apache\apache-maven-3.5.3-repository\org\slf4j\slf4j-api\1.6.4\slf4j-api-1.6.4.jar;D:\Apache\apache-maven-3.5.3-repository\javassist\javassist\3.12.0.GA\javassist-3.12.0.GA.jar;D:\Apache\apache-maven-3.5.3-repository\mysql\mysql-connector-java\5.1.6\mysql-connector-java-5.1.6.jar;D:\Apache\apache-maven-3.5.3-repository\org\springframework\spring-webmvc\4.3.7.RELEASE\spring-webmvc-4.3.7.RELEASE.jar;D:\Apache\apache-maven-3.5.3-repository\org\springframework\spring-aop\4.3.7.RELEASE\spring-aop-4.3.7.RELEASE.jar;D:\Apache\apache-maven-3.5.3-repository\org\springframework\spring-context\4.3.7.RELEASE\spring-context-4.3.7.RELEASE.jar;D:\Apache\apache-maven-3.5.3-repository\org\springframework\spring-core\4.3.7.RELEASE\spring-core-4.3.7.RELEASE.jar;D:\Apache\apache-maven-3.5.3-repository\commons-logging\commons-logging\1.2\commons-logging-1.2.jar;D:\Apache\apache-maven-3.5.3-repository\org\springframework\spring-expression\4.3.7.RELEASE\spring-expression-4.3.7.RELEASE.jar;D:\Apache\apache-maven-3.5.3-repository\org\springframework\spring-web\4.3.7.RELEASE\spring-web-4.3.7.RELEASE.jar;D:\Apache\apache-maven-3.5.3-repository\org\springframework\spring-jdbc\4.3.7.RELEASE\spring-jdbc-4.3.7.RELEASE.jar;D:\Apache\apache-maven-3.5.3-repository\org\springframework\spring-orm\4.3.7.RELEASE\spring-orm-4.3.7.RELEASE.jar;D:\Apache\apache-maven-3.5.3-repository\org\springframework\spring-test\4.3.7.RELEASE\spring-test-4.3.7.RELEASE.jar;D:\Apache\apache-maven-3.5.3-repository\org\springframework\spring-aspects\4.3.7.RELEASE\spring-aspects-4.3.7.RELEASE.jar;D:\Apache\apache-maven-3.5.3-repository\org\aspectj\aspectjweaver\1.8.9\aspectjweaver-1.8.9.jar;D:\Apache\apache-maven-3.5.3-repository\org\springframework\spring-tx\4.3.7.RELEASE\spring-tx-4.3.7.RELEASE.jar;D:\Apache\apache-maven-3.5.3-repository\org\springframework\spring-beans\4.3.7.RELEASE\spring-beans-4.3.7.RELEASE.jar;D:\Apache\apache-maven-3.5.3-repository\org\springframework\spring-context-support\4.3.7.RELEASE\spring-context-support-4.3.7.RELEASE.jar;D:\Apache\apache-maven-3.5.3-repository\org\projectlombok\lombok\1.16.10\lombok-1.16.10.jar;D:\Apache\apache-maven-3.5.3-repository\javax\servlet\javax.servlet-api\3.0.1\javax.servlet-api-3.0.1.jar;D:\Apache\apache-maven-3.5.3-repository\c3p0\c3p0\0.9.1.2\c3p0-0.9.1.2.jar;D:\Apache\apache-maven-3.5.3-repository\jstl\jstl\1.2\jstl-1.2.jar;D:\Apache\apache-maven-3.5.3-repository\com\mangofactory\swagger-springmvc\1.0.2\swagger-springmvc-1.0.2.jar;D:\Apache\apache-maven-3.5.3-repository\com\wordnik\swagger-annotations\1.3.11\swagger-annotations-1.3.11.jar;D:\Apache\apache-maven-3.5.3-repository\com\google\guava\guava\15.0\guava-15.0.jar;D:\Apache\apache-maven-3.5.3-repository\com\fasterxml\classmate\1.1.0\classmate-1.1.0.jar;D:\Apache\apache-maven-3.5.3-repository\joda-time\joda-time\2.5\joda-time-2.5.jar;D:\Apache\apache-maven-3.5.3-repository\com\mangofactory\swagger-models\1.0.2\swagger-models-1.0.2.jar;D:\Apache\apache-maven-3.5.3-repository\com\fasterxml\jackson\core\jackson-core\2.5.1\jackson-core-2.5.1.jar;D:\Apache\apache-maven-3.5.3-repository\com\fasterxml\jackson\core\jackson-databind\2.5.1\jackson-databind-2.5.1.jar;D:\Apache\apache-maven-3.5.3-repository\com\fasterxml\jackson\core\jackson-annotations\2.5.1\jackson-annotations-2.5.1.jar;"/>
    <property name="java.vm.vendor" value="Oracle Corporation"/>
    <property name="sun.arch.data.model" value="64"/>
    <property name="user.variant" value=""/>
    <property name="java.vendor.url" value="http://java.oracle.com/"/>
    <property name="user.timezone" value=""/>
    <property name="java.vm.specification.version" value="1.8"/>
    <property name="os.name" value="Windows 10"/>
    <property name="user.country" value="CN"/>
    <property name="sun.java.launcher" value="SUN_STANDARD"/>
    <property name="sun.boot.library.path" value="D:\Java\jdk1.8.0_172\jre\bin"/>
    <property name="sun.java.command" value="C:\Users\hb\AppData\Local\Temp\surefire3989553134273345259\surefirebooter5007060517723797877.jar C:\Users\hb\AppData\Local\Temp\surefire3989553134273345259 2018-08-20T10-17-27_210-jvmRun1 surefire3678826035026497637tmp surefire_08745961357821864283tmp"/>
    <property name="surefire.test.class.path" value="E:\mypro\demo\target\test-classes;E:\mypro\demo\target\classes;D:\Apache\apache-maven-3.5.3-repository\junit\junit\4.12\junit-4.12.jar;D:\Apache\apache-maven-3.5.3-repository\org\hamcrest\hamcrest-core\1.3\hamcrest-core-1.3.jar;D:\Apache\apache-maven-3.5.3-repository\org\hibernate\hibernate-core\4.3.7.Final\hibernate-core-4.3.7.Final.jar;D:\Apache\apache-maven-3.5.3-repository\org\jboss\logging\jboss-logging\3.1.3.GA\jboss-logging-3.1.3.GA.jar;D:\Apache\apache-maven-3.5.3-repository\org\jboss\logging\jboss-logging-annotations\1.2.0.Beta1\jboss-logging-annotations-1.2.0.Beta1.jar;D:\Apache\apache-maven-3.5.3-repository\org\jboss\spec\javax\transaction\jboss-transaction-api_1.2_spec\1.0.0.Final\jboss-transaction-api_1.2_spec-1.0.0.Final.jar;D:\Apache\apache-maven-3.5.3-repository\dom4j\dom4j\1.6.1\dom4j-1.6.1.jar;D:\Apache\apache-maven-3.5.3-repository\xml-apis\xml-apis\1.0.b2\xml-apis-1.0.b2.jar;D:\Apache\apache-maven-3.5.3-repository\org\hibernate\common\hibernate-commons-annotations\4.0.5.Final\hibernate-commons-annotations-4.0.5.Final.jar;D:\Apache\apache-maven-3.5.3-repository\org\hibernate\javax\persistence\hibernate-jpa-2.1-api\1.0.0.Final\hibernate-jpa-2.1-api-1.0.0.Final.jar;D:\Apache\apache-maven-3.5.3-repository\org\javassist\javassist\3.18.1-GA\javassist-3.18.1-GA.jar;D:\Apache\apache-maven-3.5.3-repository\antlr\antlr\2.7.7\antlr-2.7.7.jar;D:\Apache\apache-maven-3.5.3-repository\org\jboss\jandex\1.1.0.Final\jandex-1.1.0.Final.jar;D:\Apache\apache-maven-3.5.3-repository\log4j\log4j\1.2.16\log4j-1.2.16.jar;D:\Apache\apache-maven-3.5.3-repository\org\slf4j\slf4j-nop\1.6.4\slf4j-nop-1.6.4.jar;D:\Apache\apache-maven-3.5.3-repository\org\slf4j\slf4j-api\1.6.4\slf4j-api-1.6.4.jar;D:\Apache\apache-maven-3.5.3-repository\javassist\javassist\3.12.0.GA\javassist-3.12.0.GA.jar;D:\Apache\apache-maven-3.5.3-repository\mysql\mysql-connector-java\5.1.6\mysql-connector-java-5.1.6.jar;D:\Apache\apache-maven-3.5.3-repository\org\springframework\spring-webmvc\4.3.7.RELEASE\spring-webmvc-4.3.7.RELEASE.jar;D:\Apache\apache-maven-3.5.3-repository\org\springframework\spring-aop\4.3.7.RELEASE\spring-aop-4.3.7.RELEASE.jar;D:\Apache\apache-maven-3.5.3-repository\org\springframework\spring-context\4.3.7.RELEASE\spring-context-4.3.7.RELEASE.jar;D:\Apache\apache-maven-3.5.3-repository\org\springframework\spring-core\4.3.7.RELEASE\spring-core-4.3.7.RELEASE.jar;D:\Apache\apache-maven-3.5.3-repository\commons-logging\commons-logging\1.2\commons-logging-1.2.jar;D:\Apache\apache-maven-3.5.3-repository\org\springframework\spring-expression\4.3.7.RELEASE\spring-expression-4.3.7.RELEASE.jar;D:\Apache\apache-maven-3.5.3-repository\org\springframework\spring-web\4.3.7.RELEASE\spring-web-4.3.7.RELEASE.jar;D:\Apache\apache-maven-3.5.3-repository\org\springframework\spring-jdbc\4.3.7.RELEASE\spring-jdbc-4.3.7.RELEASE.jar;D:\Apache\apache-maven-3.5.3-repository\org\springframework\spring-orm\4.3.7.RELEASE\spring-orm-4.3.7.RELEASE.jar;D:\Apache\apache-maven-3.5.3-repository\org\springframework\spring-test\4.3.7.RELEASE\spring-test-4.3.7.RELEASE.jar;D:\Apache\apache-maven-3.5.3-repository\org\springframework\spring-aspects\4.3.7.RELEASE\spring-aspects-4.3.7.RELEASE.jar;D:\Apache\apache-maven-3.5.3-repository\org\aspectj\aspectjweaver\1.8.9\aspectjweaver-1.8.9.jar;D:\Apache\apache-maven-3.5.3-repository\org\springframework\spring-tx\4.3.7.RELEASE\spring-tx-4.3.7.RELEASE.jar;D:\Apache\apache-maven-3.5.3-repository\org\springframework\spring-beans\4.3.7.RELEASE\spring-beans-4.3.7.RELEASE.jar;D:\Apache\apache-maven-3.5.3-repository\org\springframework\spring-context-support\4.3.7.RELEASE\spring-context-support-4.3.7.RELEASE.jar;D:\Apache\apache-maven-3.5.3-repository\org\projectlombok\lombok\1.16.10\lombok-1.16.10.jar;D:\Apache\apache-maven-3.5.3-repository\javax\servlet\javax.servlet-api\3.0.1\javax.servlet-api-3.0.1.jar;D:\Apache\apache-maven-3.5.3-repository\c3p0\c3p0\0.9.1.2\c3p0-0.9.1.2.jar;D:\Apache\apache-maven-3.5.3-repository\jstl\jstl\1.2\jstl-1.2.jar;D:\Apache\apache-maven-3.5.3-repository\com\mangofactory\swagger-springmvc\1.0.2\swagger-springmvc-1.0.2.jar;D:\Apache\apache-maven-3.5.3-repository\com\wordnik\swagger-annotations\1.3.11\swagger-annotations-1.3.11.jar;D:\Apache\apache-maven-3.5.3-repository\com\google\guava\guava\15.0\guava-15.0.jar;D:\Apache\apache-maven-3.5.3-repository\com\fasterxml\classmate\1.1.0\classmate-1.1.0.jar;D:\Apache\apache-maven-3.5.3-repository\joda-time\joda-time\2.5\joda-time-2.5.jar;D:\Apache\apache-maven-3.5.3-repository\com\mangofactory\swagger-models\1.0.2\swagger-models-1.0.2.jar;D:\Apache\apache-maven-3.5.3-repository\com\fasterxml\jackson\core\jackson-core\2.5.1\jackson-core-2.5.1.jar;D:\Apache\apache-maven-3.5.3-repository\com\fasterxml\jackson\core\jackson-databind\2.5.1\jackson-databind-2.5.1.jar;D:\Apache\apache-maven-3.5.3-repository\com\fasterxml\jackson\core\jackson-annotations\2.5.1\jackson-annotations-2.5.1.jar;"/>
    <property name="sun.cpu.endian" value="little"/>
    <property name="user.home" value="C:\Users\hb"/>
    <property name="user.language" value="zh"/>
    <property name="java.specification.vendor" value="Oracle Corporation"/>
    <property name="java.home" value="D:\Java\jdk1.8.0_172\jre"/>
    <property name="basedir" value="E:\mypro\demo"/>
    <property name="file.separator" value="\"/>
    <property name="line.separator" value="&#10;"/>
    <property name="java.vm.specification.vendor" value="Oracle Corporation"/>
    <property name="java.specification.name" value="Java Platform API Specification"/>
    <property name="java.awt.graphicsenv" value="sun.awt.Win32GraphicsEnvironment"/>
    <property name="surefire.real.class.path" value="C:\Users\hb\AppData\Local\Temp\surefire3989553134273345259\surefirebooter5007060517723797877.jar"/>
    <property name="sun.boot.class.path" value="D:\Java\jdk1.8.0_172\jre\lib\resources.jar;D:\Java\jdk1.8.0_172\jre\lib\rt.jar;D:\Java\jdk1.8.0_172\jre\lib\sunrsasign.jar;D:\Java\jdk1.8.0_172\jre\lib\jsse.jar;D:\Java\jdk1.8.0_172\jre\lib\jce.jar;D:\Java\jdk1.8.0_172\jre\lib\charsets.jar;D:\Java\jdk1.8.0_172\jre\lib\jfr.jar;D:\Java\jdk1.8.0_172\jre\classes"/>
    <property name="user.script" value=""/>
    <property name="sun.management.compiler" value="HotSpot 64-Bit Tiered Compilers"/>
    <property name="java.runtime.version" value="1.8.0_172-b11"/>
    <property name="user.name" value="hb"/>
    <property name="path.separator" value=";"/>
    <property name="os.version" value="10.0"/>
    <property name="java.endorsed.dirs" value="D:\Java\jdk1.8.0_172\jre\lib\endorsed"/>
    <property name="java.runtime.name" value="Java(TM) SE Runtime Environment"/>
    <property name="file.encoding" value="GBK"/>
    <property name="java.vm.name" value="Java HotSpot(TM) 64-Bit Server VM"/>
    <property name="localRepository" value="D:\Apache\apache-maven-3.5.3-repository"/>
    <property name="java.vendor.url.bug" value="http://bugreport.sun.com/bugreport/"/>
    <property name="java.io.tmpdir" value="C:\Users\hb\AppData\Local\Temp\"/>
    <property name="java.version" value="1.8.0_172"/>
    <property name="user.dir" value="E:\mypro\demo"/>
    <property name="os.arch" value="amd64"/>
    <property name="java.vm.specification.name" value="Java Virtual Machine Specification"/>
    <property name="java.awt.printerjob" value="sun.awt.windows.WPrinterJob"/>
    <property name="sun.os.patch.level" value=""/>
    <property name="java.library.path" value="D:\Java\jdk1.8.0_172\jre\bin;C:\WINDOWS\Sun\Java\bin;C:\WINDOWS\system32;C:\WINDOWS;C:\Program Files (x86)\Common Files\Oracle\Java\javapath;C:\WINDOWS\system32;C:\WINDOWS;C:\WINDOWS\System32\Wbem;C:\WINDOWS\System32\WindowsPowerShell\v1.0\;C:\WINDOWS\System32\OpenSSH\;&quot;D:\Java\jdk1.8.0_172\\bin;D:\Java\jdk1.8.0_172\\jre\bin&quot;;D:\TortoiseSVN\bin;D:\nodejs\;C:\Program Files\Redis\;D:\SVNServer\bin;D:\mysql-8.0.12-winx64\bin;D:\Apache\apache-maven-3.5.3\bin;C:\Users\hb\AppData\Local\Microsoft\WindowsApps;;C:\Users\hb\AppData\Roaming\npm;D:\Microsoft VS Code\bin;."/>
    <property name="java.vm.info" value="mixed mode"/>
    <property name="java.vendor" value="Oracle Corporation"/>
    <property name="java.vm.version" value="25.172-b11"/>
    <property name="java.ext.dirs" value="D:\Java\jdk1.8.0_172\jre\lib\ext;C:\WINDOWS\Sun\Java\lib\ext"/>
    <property name="sun.io.unicode.encoding" value="UnicodeLittle"/>
    <property name="java.class.version" value="52.0"/>
  </properties>
  <testcase name="test" classname="demo.UserTest" time="0.324"/>
</testsuite>